2025-02-25 18:27:29	INFO	::casa	
2025-02-25 18:27:29	INFO	::casa	data_update: version installed or checked less than 1 day ago, nothing updated or checked
2025-02-25 18:27:31	INFO	::casa	measures_update ... acquiring the lock ... 
2025-02-25 18:27:31	SEVERE	::casa	lock file is not empty : /home/jennifer/.casa/data/data_update.lock
2025-02-25 18:27:31	SEVERE	::casa	The lock file at /home/jennifer/.casa/data is not empty.
2025-02-25 18:27:31	SEVERE	::casa	A previous attempt to update path may have failed or exited prematurely.
2025-02-25 18:27:31	SEVERE	::casa	Remove the lock file and set force to True with the desired version (default to most recent).
2025-02-25 18:27:31	SEVERE	::casa	It may be best to completely repopulate path using pull_data and measures_update.
2025-02-25 18:27:31	SEVERE	::casa	
2025-02-25 18:27:31	SEVERE	::casa	lock file is not empty : /home/jennifer/.casa/data/data_update.lock
2025-02-25 18:27:31	SEVERE	::casa	visit https://casadocs.readthedocs.io/en/stable/notebooks/external-data.html for more information
2025-02-25 18:27:31	SEVERE	::casa	
2025-02-25 18:27:31	INFO	::casa	
2025-02-25 18:27:31	INFO	::casa	
2025-02-25 18:27:31	INFO	::casa	
2025-02-25 18:27:31	INFO	::casa	
2025-02-25 18:27:31	INFO	::casa	Python version 3.10.12
2025-02-25 18:27:31	INFO	::casa	CASA Version CASALITH 6.6.5.31
2025-02-25 18:27:31	INFO	::casa	optional configuration file not found, continuing CASA startup without it
2025-02-25 18:27:31	INFO	::casa	loaded config file : /home/jennifer/.local/lib/python3.10/site-packages/casaconfig/config.py
2025-02-25 18:27:31	INFO	::casa	
2025-02-25 18:27:31	INFO	::casa	config values
2025-02-25 18:27:31	INFO	::casa	    agg = False
2025-02-25 18:27:31	INFO	::casa	    cachedir = '/home/jennifer/.casa'
2025-02-25 18:27:31	INFO	::casa	    casaconfig_verbose = 1
2025-02-25 18:27:31	INFO	::casa	    colors = 'Neutral'
2025-02-25 18:27:31	INFO	::casa	    data_auto_update = True
2025-02-25 18:27:31	INFO	::casa	    datapath = ['/home/jennifer/.casa/data']
2025-02-25 18:27:31	INFO	::casa	    iplog = False
2025-02-25 18:27:31	INFO	::casa	    iplogfile = '/home/jennifer/fits_plotting_tool/ipython-20250225-182728.log'
2025-02-25 18:27:31	INFO	::casa	    log2term = False
2025-02-25 18:27:31	INFO	::casa	    logfile = '/home/jennifer/fits_plotting_tool/casa-20250225-182728.log'
2025-02-25 18:27:31	INFO	::casa	    measures_auto_update = True
2025-02-25 18:27:31	INFO	::casa	    measurespath = '/home/jennifer/.casa/data'
2025-02-25 18:27:31	INFO	::casa	    nogui = True
2025-02-25 18:27:31	INFO	::casa	    nologfile = False
2025-02-25 18:27:31	INFO	::casa	    nologger = True
2025-02-25 18:27:31	INFO	::casa	    pipeline = False
2025-02-25 18:27:31	INFO	::casa	    startupfile = '/home/jennifer/.casa/startup.py'
2025-02-25 18:27:31	INFO	::casa	    user_site = False
2025-02-25 18:27:31	INFO	::casa	
2025-02-25 18:27:31	INFO	::casa	casarundata version : casarundata-2025.01.22-1.tar.gz
2025-02-25 18:27:31	INFO	::casa	measures version : WSRT_Measures_20250220-160001.ztar
2025-02-25 18:27:31	INFO	::casa	
2025-02-25 18:27:31	INFO	::casa	Checking Measures tables in data repository sub-directory /home/jennifer/.casa/data/geodetic
2025-02-25 18:27:31	INFO	::casa	  IERSeop2000 (version date, last date in table (UTC)): 2025/01/18/15:15, 2024/12/19/00:00:00
2025-02-25 18:27:31	INFO	::casa	  IERSeop97 (version date, last date in table (UTC)): 2025/01/18/15:15, 2024/12/19/00:00:00
2025-02-25 18:27:31	INFO	::casa	  IERSpredict (version date, last date in table (UTC)): 2025/02/20/15:15, 2025/05/21/00:00:00
2025-02-25 18:27:31	INFO	::casa	  TAI_UTC (version date, last date in table (UTC)): 2025/02/04/15:15, 2017/01/01/00:00:00
